<?xml version="1.0" encoding="UTF-8"?>
<!-- Generated by org.testng.reporters.JUnitReportReporter -->
<testsuite skipped="0" hostname="DESKTOP-47QOTDC" name="com.firefox.Test1" tests="2" failures="0" timestamp="10 Mar 2018 06:56:26 GMT" time="23.926" errors="0">
  <testcase name="launch" time="8.843" classname="com.firefox.Test1"/>
  <testcase name="launch" time="15.083" classname="com.firefox.Test1"/>
</testsuite> <!-- com.firefox.Test1 -->
